
> kmrl-app-backend@1.0.0 start
> node src/server.js

MongoDB connected
node:events:502
      throw er; // Unhandled 'error' event
      ^

Error: listen EADDRINUSE: address already in use :::5000
    at Server.setupListenHandle [as _listen2] (node:net:1908:16)
    at listenInCluster (node:net:1965:12)
    at Server.listen (node:net:2067:7)
    at Function.listen (C:\Users\Teja\OneDrive\文档\Web Projects\KMRL-app\backend\node_modules\express\lib\application.js:635:24)
    at bootstrap (C:\Users\Teja\OneDrive\文档\Web Projects\KMRL-app\backend\src\server.js:7:7)
    at process.processTicksAndRejections (node:internal/process/task_queues:95:5)
Emitted 'error' event on Server instance at:
    at emitErrorNT (node:net:1944:8)
    at process.processTicksAndRejections (node:internal/process/task_queues:82:21) {
  code: 'EADDRINUSE',
  errno: -4091,
  syscall: 'listen',
  address: '::',
  port: 5000
}

Node.js v20.19.6
